<?xml version="1.0" encoding="UTF-8"?>
<!-- Generated by org.testng.reporters.JUnitXMLReporter -->
<testsuite hostname="P5-H80MX52" ignored="0" name="Free CRM TestCases" tests="11" failures="0" timestamp="2019-12-12T12:20:46 IST" time="509.548" errors="0">
  <testcase name="verifycontactsLabel" time="0.502" classname="com.crm.qa.testcases.ContactsPageTest"/>
  <testcase name="validateCreateContact" time="9.506" classname="com.crm.qa.testcases.ContactsPageTest"/>
  <testcase name="validateCreateContact" time="6.888" classname="com.crm.qa.testcases.ContactsPageTest"/>
  <testcase name="validateCreateContact" time="5.412" classname="com.crm.qa.testcases.ContactsPageTest"/>
  <testcase name="validateCreateContact" time="5.79" classname="com.crm.qa.testcases.ContactsPageTest"/>
  <testcase name="validateCreateContact" time="8.304" classname="com.crm.qa.testcases.ContactsPageTest"/>
  <testcase name="verifyhomepageTitleTest" time="0.829" classname="com.crm.qa.testcases.HomePageTest"/>
  <testcase name="verifyUnameLabel" time="1.301" classname="com.crm.qa.testcases.HomePageTest"/>
  <testcase name="verifycontactsLinkTest" time="2.06" classname="com.crm.qa.testcases.HomePageTest"/>
  <testcase name="loginPageTitleTest" time="0.81" classname="com.crm.qa.testcases.LoginPageTest"/>
  <testcase name="loginTest" time="14.86" classname="com.crm.qa.testcases.LoginPageTest"/>
</testsuite> <!-- Free CRM TestCases -->
